2017-07-15 00:14:01 Starting primevideos.php script 115858683
2017-07-15 00:14:01 Starting primevideos.php script 884188939
2017-07-15 00:14:02 Starting primevideos.php script 495199062
2017-07-15 00:14:03 Primevideos.php finished. 115858683
2017-07-15 00:15:01 Starting primevideos.php script 1125865864
2017-07-15 00:15:02 Starting primevideos.php script 479591364
2017-07-15 00:16:01 Starting primevideos.php script 640838639
2017-07-15 00:16:02 Starting primevideos.php script 1048172033
2017-07-15 00:17:01 Starting primevideos.php script 845740780
2017-07-15 00:17:02 Starting primevideos.php script 345430543
2017-07-15 00:18:01 Starting primevideos.php script 1076324288
2017-07-15 09:52:40 Starting primevideos.php script 521182064
2017-07-15 09:52:42 Starting primevideos.php script 2090984781
2017-07-15 09:53:40 Starting primevideos.php script 1790112624
2017-07-15 09:54:40 Starting primevideos.php script 1659131098
2017-07-15 09:55:40 Starting primevideos.php script 1453510323
2017-07-15 09:56:40 Starting primevideos.php script 1942365910
2017-07-15 10:02:06 Primevideos.php finished. 1790112624
2017-07-15 10:02:06 Primevideos.php finished. 521182064
2017-07-15 10:02:07 Primevideos.php finished. 2090984781
2017-07-15 10:02:07 Primevideos.php finished. 1659131098
2017-07-15 10:02:07 Primevideos.php finished. 1453510323
2017-07-15 10:53:20 Starting queryimdb.php script 585502274
2017-07-15 10:53:21 queryimdb.php finished. 585502274
2017-07-15 10:54:47 Starting queryimdb.php script 1658366767
2017-07-15 10:54:48 queryimdb.php finished. 1658366767
2017-07-15 10:54:56 Starting queryimdb.php script 82436525
2017-07-15 10:54:57 Achtung, mehr als 1 Link gefunden für Mein liebster Alptraum
2017-07-15 10:54:57 queryimdb.php finished. 82436525
2017-07-15 11:10:17 Starting queryimdb.php script 961056171
2017-07-15 11:10:20 queryimdb.php finished. 961056171
2017-07-15 11:13:12 Starting queryimdb.php script 774240296
2017-07-15 11:13:15 queryimdb.php finished. 774240296
2017-07-15 11:13:56 Starting queryimdb.php script 923877098
2017-07-15 11:13:58 queryimdb.php finished. 923877098
2017-07-15 11:14:29 Starting queryimdb.php script 1587489970
2017-07-15 11:14:32 queryimdb.php finished. 1587489970
2017-07-15 11:15:47 Starting queryimdb.php script 1135397626
2017-07-15 11:15:50 queryimdb.php finished. 1135397626
2017-07-15 11:16:42 Starting queryimdb.php script 1110545227
2017-07-15 11:16:45 queryimdb.php finished. 1110545227
2017-07-15 11:18:11 Starting queryimdb.php script 493490867
2017-07-15 11:18:13 queryimdb.php finished. 493490867
2017-07-15 11:18:34 Starting queryimdb.php script 1137654241
2017-07-15 11:18:37 queryimdb.php finished. 1137654241
2017-07-15 11:27:37 Starting primevideos.php script 2032666861
2017-07-15 11:28:28 Starting primevideos.php script 728053288
2017-07-15 11:28:32 Primevideos.php finished. 728053288
2017-07-15 11:28:45 Starting queryimdb.php script 1258610099
2017-07-15 11:28:45 queryimdb.php finished. 1258610099
2017-07-15 11:29:13 Starting queryimdb.php script 49907623
2017-07-15 11:30:03 Starting queryimdb.php script 1897008490
2017-07-15 11:31:43 Starting queryimdb.php script 392308946
2017-07-15 11:33:06 Starting queryimdb.php script 1608838405
2017-07-15 11:33:35 Starting queryimdb.php script 1287388845
2017-07-15 11:34:01 Achtung, mehr als 1 Link gefunden für Background Music
2017-07-15 11:40:56 Starting primevideos.php script 639367594
2017-07-15 11:40:59 Primevideos.php finished. 639367594
2017-07-15 11:57:10 Starting primevideos.php script 1285947067
2017-07-15 11:57:13 Primevideos.php finished. 1285947067
2017-07-15 11:57:57 Starting primevideos.php script 1159156053
2017-07-15 11:57:59 Primevideos.php finished. 1159156053
2017-07-15 11:58:50 Starting primevideos.php script 1008141843
2017-07-15 11:58:51 Primevideos.php finished. 1008141843
2017-07-15 11:59:04 Starting primevideos.php script 852420121
2017-07-15 11:59:05 Primevideos.php finished. 852420121
2017-07-15 12:00:56 Starting primevideos.php script 730600717
2017-07-15 12:00:57 Primevideos.php finished. 730600717
2017-07-15 12:01:34 Starting primevideos.php script 1215169840
2017-07-15 12:01:35 Primevideos.php finished. 1215169840
2017-07-15 12:01:48 Starting primevideos.php script 1800446644
2017-07-15 12:01:49 Primevideos.php finished. 1800446644
2017-07-15 12:04:13 Starting primevideos.php script 150532710
2017-07-15 12:04:14 Primevideos.php finished. 150532710
2017-07-15 12:06:47 Starting primevideos.php script 1038758553
2017-07-15 12:06:48 Primevideos.php finished. 1038758553
2017-07-15 12:07:50 Starting primevideos.php script 1203449640
2017-07-15 12:07:51 Primevideos.php finished. 1203449640
2017-07-15 12:10:45 Starting primevideos.php script 1920851883
2017-07-15 12:10:46 Primevideos.php finished. 1920851883
2017-07-15 12:11:19 Starting queryimdb.php script 1229351547
2017-07-15 12:11:21 Achtung, mehr als 1 Link gefunden für Lethal Games
2017-07-15 12:11:24 Achtung, mehr als 1 Link gefunden für Five Pounds
2017-07-15 12:11:26 Achtung, mehr als 1 Link gefunden für Crushed
2017-07-15 12:11:29 Achtung, mehr als 1 Link gefunden für Carl
2017-07-15 12:11:46 Achtung, mehr als 1 Link gefunden für Legendary Weapons Of China
2017-07-15 12:11:48 queryimdb.php finished. 1229351547
2017-07-15 12:16:07 Starting queryimdb.php script 1499553624
2017-07-15 12:16:10 queryimdb.php finished. 1499553624
2017-07-15 12:18:45 Starting queryimdb.php script 1574244130
2017-07-15 12:18:48 queryimdb.php finished. 1574244130
2017-07-15 12:19:10 Starting queryimdb.php script 829476925
2017-07-15 12:19:11 Achtung, mehr als 1 Link gefunden für Lethal Games
2017-07-15 12:19:14 Achtung, mehr als 1 Link gefunden für Five Pounds
2017-07-15 12:19:17 Achtung, mehr als 1 Link gefunden für Crushed
2017-07-15 12:19:20 Achtung, mehr als 1 Link gefunden für Carl
2017-07-15 12:19:37 Achtung, mehr als 1 Link gefunden für Legendary Weapons Of China
2017-07-15 12:19:38 queryimdb.php finished. 829476925
2017-07-15 12:32:31 Starting queryimdb.php script 2029523679
2017-07-15 12:32:32 Achtung, mehr als 1 Link gefunden für Lethal Games
2017-07-15 12:32:35 Achtung, mehr als 1 Link gefunden für Five Pounds
2017-07-15 12:32:37 Achtung, mehr als 1 Link gefunden für Crushed
2017-07-15 12:32:39 Achtung, mehr als 1 Link gefunden für Carl
2017-07-15 12:32:49 Achtung, mehr als 1 Link gefunden für The Little Rascals
2017-07-15 12:32:53 Achtung, mehr als 1 Link gefunden für Legendary Weapons Of China
2017-07-15 12:32:55 queryimdb.php finished. 2029523679
2017-07-15 12:34:50 Starting queryimdb.php script 821167145
2017-07-15 12:34:51 Achtung, mehr als 1 Link gefunden für Lethal Games
2017-07-15 12:34:54 Achtung, mehr als 1 Link gefunden für Five Pounds
2017-07-15 12:34:56 Achtung, mehr als 1 Link gefunden für Crushed
2017-07-15 12:34:58 Achtung, mehr als 1 Link gefunden für Carl
2017-07-15 12:35:11 Achtung, mehr als 1 Link gefunden für Legendary Weapons Of China
2017-07-15 12:35:12 queryimdb.php finished. 821167145
2017-07-15 12:36:45 Starting queryimdb.php script 262434342
2017-07-15 12:36:46 Achtung, mehr als 1 Link gefunden für Lethal Games
2017-07-15 12:36:48 Achtung, mehr als 1 Link gefunden für Five Pounds
2017-07-15 12:36:50 Achtung, mehr als 1 Link gefunden für Crushed
2017-07-15 12:36:55 Achtung, mehr als 1 Link gefunden für Carl
2017-07-15 12:37:05 Achtung, mehr als 1 Link gefunden für The Little Rascals
2017-07-15 12:37:09 Achtung, mehr als 1 Link gefunden für Legendary Weapons Of China
2017-07-15 12:37:11 queryimdb.php finished. 262434342
2017-07-15 12:40:20 Starting queryimdb.php script 1241564313
2017-07-15 12:40:21 Achtung, mehr als 1 Link gefunden für Lethal Games
2017-07-15 12:40:25 Achtung, mehr als 1 Link gefunden für Five Pounds
2017-07-15 12:40:27 Achtung, mehr als 1 Link gefunden für Crushed
2017-07-15 12:40:30 Achtung, mehr als 1 Link gefunden für Carl
2017-07-15 12:40:41 Achtung, mehr als 1 Link gefunden für The Little Rascals
2017-07-15 12:40:46 Achtung, mehr als 1 Link gefunden für Legendary Weapons Of China
2017-07-15 12:40:47 queryimdb.php finished. 1241564313
2017-07-15 12:41:25 Starting queryimdb.php script 847601698
2017-07-15 12:41:26 Achtung, mehr als 1 Link gefunden für Lethal Games
2017-07-15 12:41:28 Achtung, mehr als 1 Link gefunden für Five Pounds
2017-07-15 12:41:31 Achtung, mehr als 1 Link gefunden für Crushed
2017-07-15 12:41:34 Achtung, mehr als 1 Link gefunden für Carl
2017-07-15 12:41:40 Achtung, mehr als 1 Link gefunden für Suddenly 
2017-07-15 12:41:47 Achtung, mehr als 1 Link gefunden für The Little Rascals
2017-07-15 12:41:51 Achtung, mehr als 1 Link gefunden für Legendary Weapons Of China
2017-07-15 12:41:53 queryimdb.php finished. 847601698
2017-07-15 12:50:32 Starting queryimdb.php script 1972744287
2017-07-15 12:51:01 queryimdb.php finished. 1972744287
2017-07-15 12:52:19 Starting queryimdb.php script 1451038905
2017-07-15 12:52:49 queryimdb.php finished. 1451038905
2017-07-15 12:56:23 Starting queryimdb.php script 2033401318
2017-07-15 12:56:55 queryimdb.php finished. 2033401318
2017-07-15 13:01:02 Starting queryimdb.php script 1383859359
2017-07-15 13:01:23 queryimdb.php finished. 1383859359
2017-07-15 13:02:31 Starting queryimdb.php script 1222953503
2017-07-15 13:02:48 queryimdb.php finished. 1222953503
2017-07-15 13:03:04 Starting queryimdb.php script 124100584
2017-07-15 13:03:22 queryimdb.php finished. 124100584
2017-07-15 13:04:46 Starting queryimdb.php script 424084782
2017-07-15 13:05:06 queryimdb.php finished. 424084782
2017-07-15 13:08:33 Starting queryimdb.php script 2043525542
2017-07-15 13:09:47 Starting primevideos.php script 192194670
2017-07-15 13:10:08 Starting primevideos.php script 11485529
2017-07-15 13:19:21 Primevideos.php finished. 11485529
2017-07-15 13:35:07 Starting queryimdb.php script 971948499
2017-07-15 13:57:32 Starting queryimdb.php script 289661181
2017-07-15 13:57:58 Starting queryimdb.php script 897570831
2017-07-15 13:57:59 queryimdb.php Execution time: 0.02200118303299
2017-07-15 13:57:59 queryimdb.php finished. 897570831
2017-07-15 14:01:13 Starting queryimdb.php script 485294015
2017-07-15 14:01:14 queryimdb.php Execution time: 0.018898499011993
2017-07-15 14:01:14 queryimdb.php finished. 485294015
2017-07-15 14:02:51 Starting queryimdb.php script 1032109324
2017-07-15 14:02:53 queryimdb.php Execution time: 0.020579183101654
2017-07-15 14:02:53 queryimdb.php finished. 1032109324
2017-07-15 14:03:11 Starting queryimdb.php script 762728569
2017-07-15 14:03:12 queryimdb.php Execution time: 0.016526365280151
2017-07-15 14:03:12 queryimdb.php finished. 762728569
2017-07-15 14:03:25 Starting queryimdb.php script 190796442
2017-07-15 14:03:26 queryimdb.php Execution time: 0.018460301558177
2017-07-15 14:03:26 queryimdb.php finished. 190796442
2017-07-15 14:05:14 Starting queryimdb.php script 1155923216
2017-07-15 14:05:16 queryimdb.php Execution time: 0.045812952518463
2017-07-15 14:05:16 queryimdb.php finished. 1155923216
2017-07-15 14:05:58 Starting queryimdb.php script 1713189826
2017-07-15 14:05:59 queryimdb.php Execution time: 0.01424001455307
2017-07-15 14:05:59 queryimdb.php finished. 1713189826
2017-07-15 14:10:33 Starting queryimdb.php script 1216931462
2017-07-15 14:10:34 queryimdb.php Execution time: 0.018433280785879
2017-07-15 14:10:34 queryimdb.php finished. 1216931462
2017-07-15 14:11:33 Starting queryimdb.php script 617209829
2017-07-15 14:11:34 queryimdb.php Execution time: 0.015265166759491
2017-07-15 14:11:34 queryimdb.php finished. 617209829
2017-07-15 14:15:14 Starting queryimdb.php script 1503233928
2017-07-15 14:15:15 queryimdb.php Execution time: 0.016041549046834
2017-07-15 14:15:15 queryimdb.php finished. 1503233928
2017-07-15 14:16:44 Starting queryimdb.php script 1884163167
2017-07-15 14:16:45 queryimdb.php Execution time: 0.01872718334198
2017-07-15 14:16:45 queryimdb.php finished. 1884163167
2017-07-15 14:18:18 Starting queryimdb.php script 775213737
2017-07-15 14:18:19 queryimdb.php Execution time: 0.01758371591568
2017-07-15 14:18:19 queryimdb.php finished. 775213737
2017-07-15 14:22:08 Starting queryimdb.php script 119567032
2017-07-15 14:22:11 queryimdb.php Execution time: 0.038312367598216
2017-07-15 14:22:11 queryimdb.php finished. 119567032
2017-07-15 14:25:31 Starting queryimdb.php script 1126597407
2017-07-15 14:32:57 Starting queryimdb.php script 135581056
2017-07-15 14:37:04 Starting queryimdb.php script 1724104698
2017-07-15 14:41:05 Starting queryimdb.php script 1576113137
2017-07-15 15:02:14 Starting queryimdb.php script 1833484946
2017-07-15 15:02:31 Starting queryimdb.php script 701538618
2017-07-15 15:09:13 Starting queryimdb.php script 910006009
2017-07-15 15:11:17 Starting queryimdb.php script 1930600133
2017-07-15 15:11:20 queryimdb.php Execution time: 0.055045866966248
2017-07-15 15:11:20 queryimdb.php finished. 1930600133
2017-07-15 15:12:07 Starting queryimdb.php script 742477192
2017-07-15 15:12:11 queryimdb.php Execution time: 0.06310791571935
2017-07-15 15:12:11 queryimdb.php finished. 742477192
2017-07-15 15:13:27 Starting queryimdb.php script 646849176
2017-07-15 15:13:30 queryimdb.php Execution time: 0.04933381875356
2017-07-15 15:13:30 queryimdb.php finished. 646849176
2017-07-15 15:16:57 Starting queryimdb.php script 1817609870
2017-07-15 15:28:37 Starting primevideos.php script 1115759133
2017-07-15 15:28:40 Primevideos.php finished. 1115759133
2017-07-15 15:29:06 Starting primevideos.php script 876638240
2017-07-15 15:29:08 Primevideos.php finished. 876638240
2017-07-15 15:32:50 Starting primevideos.php script 1169240633
2017-07-15 15:32:52 Primevideos.php finished. 1169240633
2017-07-15 15:35:48 Starting primevideos.php script 891347463
2017-07-15 15:35:52 Primevideos.php finished. 891347463
2017-07-15 15:37:43 Starting primevideos.php script 213150045
2017-07-15 15:37:45 Primevideos.php finished. 213150045
2017-07-15 15:47:01 Starting primevideos.php script 828889737
2017-07-15 15:47:05 Primevideos.php finished. 828889737
2017-07-15 15:54:44 Starting primevideos.php script 1573192339
2017-07-15 15:54:47 Primevideos.php finished. 1573192339
2017-07-15 16:00:18 Starting queryimdb.php script 343901561
2017-07-15 16:07:55 Starting queryimdb.php script 868242641
2017-07-15 16:08:21 queryimdb.php Execution time: 0.42205146948497
2017-07-15 16:08:21 queryimdb.php finished. 868242641
2017-07-15 16:11:43 Starting queryimdb.php script 1311802922
2017-07-15 16:12:04 queryimdb.php Execution time: 0.35790916283925
2017-07-15 16:12:04 queryimdb.php finished. 1311802922
2017-07-15 16:14:15 Starting queryimdb.php script 1407869650
2017-07-15 16:14:44 queryimdb.php Execution time: 0.47292493184408
2017-07-15 16:14:44 queryimdb.php finished. 1407869650
2017-07-15 16:20:14 Starting queryimdb.php script 873113749
2017-07-15 16:20:38 queryimdb.php Execution time: 0.40085839827855
2017-07-15 16:20:38 queryimdb.php finished. 873113749
2017-07-15 16:22:24 Starting queryimdb.php script 170414584
2017-07-15 16:22:48 queryimdb.php Execution time: 0.39095201889674
2017-07-15 16:22:48 queryimdb.php finished. 170414584
2017-07-15 16:23:54 Starting queryimdb.php script 351990992
2017-07-15 16:24:21 queryimdb.php Execution time: 0.45066128571828
2017-07-15 16:24:21 queryimdb.php finished. 351990992
2017-07-15 16:27:02 Starting queryimdb.php script 177224304
2017-07-15 16:27:28 queryimdb.php Execution time: 0.43065873384476
2017-07-15 16:27:28 queryimdb.php finished. 177224304
2017-07-15 16:39:06 Starting queryimdb.php script 1663348477
2017-07-15 16:39:27 queryimdb.php Execution time: 0.35057231982549
2017-07-15 16:39:27 queryimdb.php finished. 1663348477
2017-07-15 17:00:04 Starting queryimdb.php script 61360805
2017-07-15 17:00:26 queryimdb.php Execution time: 0.36127611796061
2017-07-15 17:00:26 queryimdb.php finished. 61360805
2017-07-15 17:01:16 Starting primevideos.php script 946293434
2017-07-15 17:11:19 Primevideos.php finished. 946293434
2017-07-15 17:15:52 Starting queryimdb.php script 178100948
2017-07-15 17:22:53 Starting queryimdb.php script 1808350504
2017-07-15 17:23:40 Starting queryimdb.php script 399764333
2017-07-15 17:23:52 Starting queryimdb.php script 1758368095
2017-07-15 19:58:42 queryimdb.php Execution time: 154.82142923276
2017-07-15 19:58:42 queryimdb.php finished. 1758368095
